<?xml version="1.0" encoding="UTF-8"?>
<testng-results ignored="0" total="1" passed="1" failed="0" skipped="0">
  <reporter-output>
  </reporter-output>
  <suite started-at="2022-12-26T00:36:40 IST" name="Default suite" finished-at="2022-12-26T00:36:40 IST" duration-ms="42">
    <groups>
    </groups>
    <test started-at="2022-12-26T00:36:40 IST" name="Default test" finished-at="2022-12-26T00:36:40 IST" duration-ms="42">
      <class name="test.LoginTest">
        <test-method signature="login()[pri:0, instance:test.LoginTest@19d481b]" started-at="2022-12-26T00:36:40 IST" name="login" finished-at="2022-12-26T00:36:40 IST" duration-ms="9" status="PASS">
          <reporter-output>
          </reporter-output>
        </test-method> <!-- login -->
      </class> <!-- test.LoginTest -->
    </test> <!-- Default test -->
  </suite> <!-- Default suite -->
</testng-results>
